<?xml version="1.0" encoding="UTF-8"?>
<!-- Generated by org.testng.reporters.JUnitReportReporter -->
<testsuite hostname="192.168.1.6" failures="0" tests="1" name="Testcases.TC_001_Loginpage" time="13.872" errors="0" timestamp="2024-08-03T19:07:04 IST" skipped="0">
  <testcase classname="Testcases.TC_001_Loginpage" name="logintest" time="13.872"/>
  <system-out/>
</testsuite> <!-- Testcases.TC_001_Loginpage -->
